0 info it worked if it ends with ok
1 verbose cli [ 'C:\\Program Files\\nodejs\\node.exe',
1 verbose cli   'C:\\Program Files\\nodejs\\node_modules\\npm\\bin\\npm-cli.js',
1 verbose cli   'run',
1 verbose cli   'build' ]
2 info using npm@3.10.10
3 info using node@v6.11.1
4 verbose run-script [ 'prebuild', 'build', 'postbuild' ]
5 info lifecycle lag-test-realise@1.0.0~prebuild: lag-test-realise@1.0.0
6 silly lifecycle lag-test-realise@1.0.0~prebuild: no script for prebuild, continuing
7 info lifecycle lag-test-realise@1.0.0~build: lag-test-realise@1.0.0
8 verbose lifecycle lag-test-realise@1.0.0~build: unsafe-perm in lifecycle true
9 verbose lifecycle lag-test-realise@1.0.0~build: PATH: C:\Program Files\nodejs\node_modules\npm\bin\node-gyp-bin;E:\Anastasia\Documents\LAG_ALL\TestRealise\node_modules\.bin;C:\Users\Anastasiia\bin;C:\Program Files\Git\mingw64\bin;C:\Program Files\Git\usr\local\bin;C:\Program Files\Git\usr\bin;C:\Program Files\Git\usr\bin;C:\Program Files\Git\mingw64\bin;C:\Program Files\Git\usr\bin;C:\Users\Anastasiia\bin;C:\ProgramData\Oracle\Java\javapath;C:\Windows\system32;C:\Windows;C:\Windows\System32\Wbem;C:\Windows\System32\WindowsPowerShell\v1.0;C:\ProgramData\chocolatey\bin;C:\Program Files\Git\cmd;C:\Program Files\nodejs;C:\Program Files (x86)\Skype\Phone;C:\Users\Anastasiia\AppData\Roaming\npm;C:\Program Files\Git\usr\bin\vendor_perl;C:\Program Files\Git\usr\bin\core_perl
10 verbose lifecycle lag-test-realise@1.0.0~build: CWD: E:\Anastasia\Documents\LAG_ALL\TestRealise
11 silly lifecycle lag-test-realise@1.0.0~build: Args: [ '/d /s /c',
11 silly lifecycle   'cd frontend && ng build --prod && cd.. && node server.js' ]
12 silly lifecycle lag-test-realise@1.0.0~build: Returned: code: 1  signal: null
13 info lifecycle lag-test-realise@1.0.0~build: Failed to exec build script
14 verbose stack Error: lag-test-realise@1.0.0 build: `cd frontend && ng build --prod && cd.. && node server.js`
14 verbose stack Exit status 1
14 verbose stack     at EventEmitter.<anonymous> (C:\Program Files\nodejs\node_modules\npm\lib\utils\lifecycle.js:255:16)
14 verbose stack     at emitTwo (events.js:106:13)
14 verbose stack     at EventEmitter.emit (events.js:191:7)
14 verbose stack     at ChildProcess.<anonymous> (C:\Program Files\nodejs\node_modules\npm\lib\utils\spawn.js:40:14)
14 verbose stack     at emitTwo (events.js:106:13)
14 verbose stack     at ChildProcess.emit (events.js:191:7)
14 verbose stack     at maybeClose (internal/child_process.js:891:16)
14 verbose stack     at Process.ChildProcess._handle.onexit (internal/child_process.js:226:5)
15 verbose pkgid lag-test-realise@1.0.0
16 verbose cwd E:\Anastasia\Documents\LAG_ALL\TestRealise
17 error Windows_NT 10.0.10240
18 error argv "C:\\Program Files\\nodejs\\node.exe" "C:\\Program Files\\nodejs\\node_modules\\npm\\bin\\npm-cli.js" "run" "build"
19 error node v6.11.1
20 error npm  v3.10.10
21 error code ELIFECYCLE
22 error lag-test-realise@1.0.0 build: `cd frontend && ng build --prod && cd.. && node server.js`
22 error Exit status 1
23 error Failed at the lag-test-realise@1.0.0 build script 'cd frontend && ng build --prod && cd.. && node server.js'.
23 error Make sure you have the latest version of node.js and npm installed.
23 error If you do, this is most likely a problem with the lag-test-realise package,
23 error not with npm itself.
23 error Tell the author that this fails on your system:
23 error     cd frontend && ng build --prod && cd.. && node server.js
23 error You can get information on how to open an issue for this project with:
23 error     npm bugs lag-test-realise
23 error Or if that isn't available, you can get their info via:
23 error     npm owner ls lag-test-realise
23 error There is likely additional logging output above.
24 verbose exit [ 1, true ]
